Change Component Designator: OldDesignator=C2 NewDesignator=C3
Change Component Designator: OldDesignator=C3 NewDesignator=C4
Change Component Designator: OldDesignator=C4 NewDesignator=C2
Change Component Designator: OldDesignator=C5 NewDesignator=C6
Change Component Designator: OldDesignator=C6 NewDesignator=C7
Change Component Designator: OldDesignator=C7 NewDesignator=C5
Change Component Designator: OldDesignator=CR1 NewDesignator=R1
Change Component Designator: OldDesignator=CR2 NewDesignator=R2
Change Component Designator: OldDesignator=CR3 NewDesignator=R3
Change Component Designator: OldDesignator=CR4 NewDesignator=R4
Change Component Designator: OldDesignator=CR5 NewDesignator=R6
Change Component Designator: OldDesignator=CR6 NewDesignator=R9
Change Component Designator: OldDesignator=D2 NewDesignator=D3
Change Component Designator: OldDesignator=D3 NewDesignator=D2
Change Component Designator: OldDesignator=R1 NewDesignator=R5
Change Component Designator: OldDesignator=R2 NewDesignator=R7
Change Component Designator: OldDesignator=R3 NewDesignator=R8
Change Component Designator: OldDesignator=R4 NewDesignator=R10
Change Component Designator: OldDesignator=R5 NewDesignator=R11
Change Component Designator: OldDesignator=R6 NewDesignator=R12
Change Component Designator: OldDesignator=R7 NewDesignator=R13
Change Component Designator: OldDesignator=R8 NewDesignator=R14
Change Component Designator: OldDesignator=R9 NewDesignator=R19
Change Component Designator: OldDesignator=R11 NewDesignator=R21
Change Component Designator: OldDesignator=R13 NewDesignator=R15
Change Component Designator: OldDesignator=R14 NewDesignator=R24
Change Component Designator: OldDesignator=R15 NewDesignator=R25
Change Component Designator: OldDesignator=R19 NewDesignator=R22
Change Component Designator: OldDesignator=R20 NewDesignator=R26
Change Component Designator: OldDesignator=R21 NewDesignator=R27
Change Component Designator: OldDesignator=R22 NewDesignator=R28
Change Component Designator: OldDesignator=U2 NewDesignator=U3
Change Component Designator: OldDesignator=U3 NewDesignator=U2
Change Component Designator: OldDesignator=U4 NewDesignator=U5
Change Component Designator: OldDesignator=U5 NewDesignator=U6
Change Component Designator: OldDesignator=U6 NewDesignator=U4
Change Net Name : Old Net Name=NetC3_1 New Net Name=NetC4_1
Change Net Name : Old Net Name=NetCR1_2 New Net Name=NetR1_2
Change Net Name : Old Net Name=NetCR2_2 New Net Name=NetR2_2
Change Net Name : Old Net Name=NetCR3_2 New Net Name=NetR3_2
Change Net Name : Old Net Name=NetCR4_2 New Net Name=NetR4_2
Change Net Name : Old Net Name=NetCR5_2 New Net Name=NetR6_2
Change Net Name : Old Net Name=NetCR6_2 New Net Name=NetR9_2
Change Net Name : Old Net Name=NetD2_2 New Net Name=NetD3_2
Change Net Name : Old Net Name=NetD3_1 New Net Name=NetD2_1
Change Net Name : Old Net Name=NetR2_2 New Net Name=NetR7_2
Change Net Name : Old Net Name=NetR3_1 New Net Name=NetR8_1
Change Net Name : Old Net Name=NetR6_2 New Net Name=NetR12_2
Change Net Name : Old Net Name=NetR7_1 New Net Name=NetR13_1
Change Net Name : Old Net Name=NetR11_1 New Net Name=NetR21_1
Change Net Name : Old Net Name=NetR14_2 New Net Name=NetR24_2
Change Net Name : Old Net Name=NetR15_2 New Net Name=NetR25_2
Change Net Name : Old Net Name=NetR20_2 New Net Name=NetR26_2
Change Net Name : Old Net Name=NetR21_1 New Net Name=NetR27_1
Added Pin To Net: NetName=NetR20_2 Pin=U5-1
Added Net: Name=NetR20_2
Added Pin To Net: NetName=NetR21_2 Pin=R21-2
Added Pin To Net: NetName=NetR21_2 Pin=U6-2
Added Net: Name=NetR21_2
Added Member To Class: ClassName=假肢驱动电路 Member=Component R26 150
Added Room: Name=假肢驱动电路
