Removed Pin From Net: NetName=VDD5.0 Pin=R7-2
Removed Pin From Net: NetName=VDD5.0 Pin=R11-2
Removed Pin From Net: NetName=VDD5.0 Pin=R12-2
Removed Pin From Net: NetName=VDD5.0 Pin=R21-2
Removed Pin From Net: NetName=VDD5.0 Pin=R25-2
Added Component: Designator=P3(HDR2X2)
Add component. Clean all parameters for all variants
Add component (AddParameter): Name = "LatestRevisionDate"; Value = "17-Jul-2002"; VariantName = "[No Variations]"
Add component (AddParameter): Name = "LatestRevisionNote"; Value = "Re-released for DXP Platform."; VariantName = "[No Variations]"
Add component (AddParameter): Name = "Publisher"; Value = "Altium Limited"; VariantName = "[No Variations]"
Added Pin To Net: NetName=VDD Pin=P3-1
Added Pin To Net: NetName=VDD Pin=P3-3
Added Pin To Net: NetName=VDD Pin=R7-2
Added Pin To Net: NetName=VDD Pin=R11-2
Added Pin To Net: NetName=VDD Pin=R12-2
Added Pin To Net: NetName=VDD Pin=R21-2
Added Pin To Net: NetName=VDD Pin=R25-2
Added Net: Name=VDD
Added Member To Class: ClassName=假肢驱动电路 Member=Component P3 Header 2X2
Added Room: Name=假肢驱动电路
