Change Component Designator: Old Designator=C3 New Designator=C5
Change Component Designator: Old Designator=C4 New Designator=C6
Change Component Designator: Old Designator=C5 New Designator=C2
Change Component Designator: Old Designator=C6 New Designator=C3
Change Component Designator: Old Designator=C7 New Designator=C1
Change Component Designator: Old Designator=C8 New Designator=C4
Change Component Designator: Old Designator=C9 New Designator=C7
Change Component Designator: Old Designator=C12 New Designator=C8
Change Component Designator: Old Designator=CR9 New Designator=CR3
Change Component Designator: Old Designator=CR10 New Designator=CR4
Change Component Designator: Old Designator=CR11 New Designator=CR5
Change Component Designator: Old Designator=CR12 New Designator=CR6
Change Component Designator: Old Designator=D9 New Designator=D2
Change Component Designator: Old Designator=D10 New Designator=D1
Change Component Designator: Old Designator=D11 New Designator=D3
Change Component Designator: Old Designator=D12 New Designator=D4
Change Component Designator: Old Designator=D13 New Designator=D5
Change Component Designator: Old Designator=R1 New Designator=R9
Change Component Designator: Old Designator=R2 New Designator=R10
Change Component Designator: Old Designator=R3 New Designator=R11
Change Component Designator: Old Designator=R4 New Designator=R12
Change Component Designator: Old Designator=R5 New Designator=R14
Change Component Designator: Old Designator=R6 New Designator=R15
Change Component Designator: Old Designator=R7 New Designator=R1
Change Component Designator: Old Designator=R8 New Designator=R2
Change Component Designator: Old Designator=R9 New Designator=R3
Change Component Designator: Old Designator=R10 New Designator=R4
Change Component Designator: Old Designator=R11 New Designator=R5
Change Component Designator: Old Designator=R12 New Designator=R6
Change Component Designator: Old Designator=R13 New Designator=R7
Change Component Designator: Old Designator=R14 New Designator=R8
Change Component Designator: Old Designator=R15 New Designator=R13
Change Component Designator: Old Designator=R20 New Designator=R19
Change Component Designator: Old Designator=R21 New Designator=R20
Change Component Designator: Old Designator=R22 New Designator=R21
Change Component Designator: Old Designator=R23 New Designator=R22
Change Component Designator: Old Designator=U3 New Designator=U4
Change Component Designator: Old Designator=U4 New Designator=U5
Change Component Designator: Old Designator=U5 New Designator=U2
Change Component Designator: Old Designator=U6 New Designator=U1
Change Component Designator: Old Designator=U7 New Designator=U3
Change Component Designator: Old Designator=U8 New Designator=U6
Change Component Designator: Old Designator=U10 New Designator=U7
Change Component Designator: Old Designator=V1 New Designator=V3
Change Component Designator: Old Designator=V2 New Designator=V4
Change Component Designator: Old Designator=V3 New Designator=V5
Change Component Designator: Old Designator=V4 New Designator=V6
Change Component Designator: Old Designator=V5 New Designator=V1
Change Component Designator: Old Designator=V6 New Designator=V2
