Change Component Footprint: Designator=R19 Old Footprint=AXIAL-0.4 New Footprint=LC-0805_R
Change Component Footprint: Designator=R24 Old Footprint=AXIAL-0.4 New Footprint=LC-0805_R
Change Component Footprint: Designator=R25 Old Footprint=AXIAL-0.4 New Footprint=LC-0805_R
Added Component: Designator=P15(HDR1X4)
Add component. Clean all parameters for all variants
Add component (AddParameter): Name = "LatestRevisionDate"; Value = "17-Jul-2002"; VariantName = "[No Variations]"
Add component (AddParameter): Name = "LatestRevisionNote"; Value = "Re-released for DXP Platform."; VariantName = "[No Variations]"
Add component (AddParameter): Name = "Publisher"; Value = "Altium Limited"; VariantName = "[No Variations]"
Added Component: Designator=P16(HDR1X5)
Add component. Clean all parameters for all variants
Add component (AddParameter): Name = "LatestRevisionDate"; Value = "17-Jul-2002"; VariantName = "[No Variations]"
Add component (AddParameter): Name = "LatestRevisionNote"; Value = "Re-released for DXP Platform."; VariantName = "[No Variations]"
Add component (AddParameter): Name = "Publisher"; Value = "Altium Limited"; VariantName = "[No Variations]"
Added Component: Designator=P17(HDR1X4)
Add component. Clean all parameters for all variants
Add component (AddParameter): Name = "LatestRevisionDate"; Value = "17-Jul-2002"; VariantName = "[No Variations]"
Add component (AddParameter): Name = "LatestRevisionNote"; Value = "Re-released for DXP Platform."; VariantName = "[No Variations]"
Add component (AddParameter): Name = "Publisher"; Value = "Altium Limited"; VariantName = "[No Variations]"
Added Pin To Net: NetName=UARTb_TX Pin=P15-1
Added Pin To Net: NetName=UARTb_RX Pin=P15-2
Added Pin To Net: NetName=GND Pin=P15-3
Added Pin To Net: NetName=V5 Pin=P15-4
Added Pin To Net: NetName=GPIO40 Pin=P16-1
Added Pin To Net: NetName=GPIO41 Pin=P16-2
Added Pin To Net: NetName=GPIO42 Pin=P16-3
Added Pin To Net: NetName=GPIO43 Pin=P16-4
Added Pin To Net: NetName=GPIO44 Pin=P16-5
Added Pin To Net: NetName=SCL Pin=P17-1
Added Pin To Net: NetName=SDA Pin=P17-2
Added Pin To Net: NetName=GND Pin=P17-3
Added Pin To Net: NetName=V5 Pin=P17-4
Added Member To Class: ClassName=假肢控制电路 Member=Component P15 Header 4
Added Member To Class: ClassName=假肢控制电路 Member=Component P16 Header 5
Added Member To Class: ClassName=假肢控制电路 Member=Component P17 Header 4
Added Room: Name=假肢控制电路
