Removed Pin From Net: NetName=V5 Pin=P1-21
Removed Pin From Net: NetName=V5 Pin=P1-23
Removed Pin From Net: NetName=V5 Pin=P1-25
Removed Pin From Net: NetName=V5 Pin=P1-27
Removed Pin From Net: NetName=V5 Pin=P1-29
Removed Pin From Net: NetName=V5 Pin=P1-31
Removed Pin From Net: NetName=GND Pin=P3-1
Removed Pin From Net: NetName=GND Pin=P3-2
Removed Pin From Net: NetName=GND Pin=P3-3
Removed Pin From Net: NetName=GND Pin=P3-5
Removed Pin From Net: NetName=GND Pin=P3-7
Removed Pin From Net: NetName=GND Pin=P3-9
Removed Pin From Net: NetName=GND Pin=P3-11
Removed Pin From Net: NetName=GND Pin=P3-13
Removed Pin From Net: NetName=GND Pin=P3-15
Removed Pin From Net: NetName=GND Pin=P3-17
Removed Pin From Net: NetName=GND Pin=P3-19
Removed Pin From Net: NetName=GND Pin=P3-21
Removed Pin From Net: NetName=GND Pin=P3-23
Removed Pin From Net: NetName=GND Pin=P3-25
Removed Pin From Net: NetName=GND Pin=P3-27
Removed Pin From Net: NetName=GND Pin=P3-28
Removed Pin From Net: NetName=GND Pin=P3-29
Removed Pin From Net: NetName=GND Pin=P3-30
Removed Pin From Net: NetName=GND Pin=P3-31
Removed Pin From Net: NetName=GND Pin=P3-32
Removed Pin From Net: NetName=GND Pin=P3-33
Removed Pin From Net: NetName=GND Pin=P3-34
Removed Pin From Net: NetName=GND Pin=P3-35
Removed Pin From Net: NetName=GND Pin=P3-36
Removed Pin From Net: NetName=VDD3.3 Pin=P4-28
Removed Pin From Net: NetName=VDD3.3 Pin=P4-30
Change Component Designator: OldDesignator=P? NewDesignator=P8
Added Pin To Net: NetName=GPIO40 Pin=P3-23
Added Net: Name=GPIO40
Added Pin To Net: NetName=GPIO41 Pin=P3-24
Added Net: Name=GPIO41
Added Pin To Net: NetName=GPIO42 Pin=P3-21
Added Net: Name=GPIO42
Added Pin To Net: NetName=GPIO43 Pin=P3-18
Added Net: Name=GPIO43
Added Pin To Net: NetName=GPIO44 Pin=P3-17
Added Net: Name=GPIO44
Added Pin To Net: NetName=SCL Pin=P4-27
Added Net: Name=SCL
Added Pin To Net: NetName=SDA Pin=P4-30
Added Net: Name=SDA
Added Pin To Net: NetName=UARTa_RX Pin=P3-28
Added Net: Name=UARTa_RX
Added Pin To Net: NetName=UARTa_TX Pin=P3-25
Added Net: Name=UARTa_TX
Added Pin To Net: NetName=UARTb_RX Pin=P3-20
Added Net: Name=UARTb_RX
Added Pin To Net: NetName=UARTb_TX Pin=P3-19
Added Net: Name=UARTb_TX
Added Room: Name=假肢工作电路
