Removed Pin From Net: NetName=POWERA Pin=C3-1
Removed Pin From Net: NetName=GND Pin=C3-2
Removed Pin From Net: NetName=POWERA Pin=C4-1
Removed Pin From Net: NetName=GND Pin=C4-2
Removed Pin From Net: NetName=POWERA Pin=C5-1
Removed Pin From Net: NetName=GND Pin=C5-2
Removed Pin From Net: NetName=GND Pin=C6-2
Removed Pin From Net: NetName=POWERA Pin=C7-1
Removed Pin From Net: NetName=GND Pin=C7-2
Removed Pin From Net: NetName=POWERA Pin=C8-1
Removed Pin From Net: NetName=GND Pin=C8-2
Removed Pin From Net: NetName=POWERA Pin=C9-1
Removed Pin From Net: NetName=GND Pin=C9-2
Removed Pin From Net: NetName=POWERA Pin=C12-1
Removed Pin From Net: NetName=GND Pin=C12-2
Removed Pin From Net: NetName=GND Pin=D9-1
Removed Pin From Net: NetName=POWERA Pin=D10-2
Removed Pin From Net: NetName=POWERA Pin=D11-2
Removed Pin From Net: NetName=POWERA Pin=D12-2
Removed Pin From Net: NetName=POWERA Pin=D13-2
Removed Pin From Net: NetName=GND Pin=Motor1-1
Removed Pin From Net: NetName=EPWM2A Pin=P6-1
Removed Pin From Net: NetName=EPWM4A Pin=P6-5
Removed Pin From Net: NetName=EPWM5A Pin=P6-7
Removed Pin From Net: NetName=EPWM1A Pin=P7-1
Removed Pin From Net: NetName=POWERA Pin=P8-1
Removed Pin From Net: NetName=GND Pin=P8-2
Removed Pin From Net: NetName=POWERA Pin=POWER1-0
Removed Pin From Net: NetName=GND Pin=POWER1-1
Removed Pin From Net: NetName=GND Pin=Q1-3
Removed Pin From Net: NetName=GND Pin=Q2-3
Removed Pin From Net: NetName=GND Pin=Q3-3
Removed Pin From Net: NetName=GND Pin=Q4-3
Removed Pin From Net: NetName=VDD3.3 Pin=R1-2
Removed Pin From Net: NetName=GND Pin=R4-1
Removed Pin From Net: NetName=GND Pin=R5-1
Removed Pin From Net: NetName=GND Pin=R6-1
Removed Pin From Net: NetName=VDD3.3 Pin=R7-2
Removed Pin From Net: NetName=GND Pin=R10-1
Removed Pin From Net: NetName=VDD3.3 Pin=R11-2
Removed Pin From Net: NetName=GND Pin=R14-1
Removed Pin From Net: NetName=VDD3.3 Pin=R15-2
Removed Pin From Net: NetName=GND Pin=R18-1
Removed Pin From Net: NetName=VDD3.3 Pin=R20-2
Removed Pin From Net: NetName=GND Pin=R23-1
Removed Pin From Net: NetName=DV5 Pin=S1-2
Removed Pin From Net: NetName=DV5 Pin=S1-5
Removed Pin From Net: NetName=GND Pin=U3-3
Removed Pin From Net: NetName=GND Pin=U3-4
Removed Pin From Net: NetName=POWERA Pin=U3-6
Removed Pin From Net: NetName=GND Pin=U4-1
Removed Pin From Net: NetName=DV5 Pin=U4-3
Removed Pin From Net: NetName=POWERA Pin=U4-7
Removed Pin From Net: NetName=POWERA Pin=U5-1
Removed Pin From Net: NetName=GND Pin=U5-3
Removed Pin From Net: NetName=GND Pin=U5-5
Removed Pin From Net: NetName=GND Pin=U5-6
Removed Pin From Net: NetName=GND Pin=U6-3
Removed Pin From Net: NetName=GND Pin=U6-4
Removed Pin From Net: NetName=POWERA Pin=U6-6
Removed Pin From Net: NetName=GND Pin=U7-3
Removed Pin From Net: NetName=GND Pin=U7-4
Removed Pin From Net: NetName=POWERA Pin=U7-6
Removed Pin From Net: NetName=GND Pin=U8-3
Removed Pin From Net: NetName=GND Pin=U8-4
Removed Pin From Net: NetName=POWERA Pin=U8-6
Removed Pin From Net: NetName=GND Pin=U10-3
Removed Pin From Net: NetName=GND Pin=U10-4
Removed Pin From Net: NetName=POWERA Pin=U10-6
Removed Pin From Net: NetName=GND Pin=V1-2
Removed Pin From Net: NetName=GND Pin=V2-2
Removed Pin From Net: NetName=GND Pin=V3-2
Removed Pin From Net: NetName=GND Pin=V4-2
Removed Pin From Net: NetName=POWERA Pin=Valve1-0
Removed Pin From Net: NetName=POWERA Pin=Valve2-0
Removed Pin From Net: NetName=POWERA Pin=Valve3-0
Removed Pin From Net: NetName=POWERA Pin=Valve4-0
Removed Member From Class: ClassName=假肢工作电路 Member=C3
Removed Member From Class: ClassName=假肢工作电路 Member=C4
Removed Member From Class: ClassName=假肢工作电路 Member=C5
Removed Member From Class: ClassName=假肢工作电路 Member=C6
Removed Member From Class: ClassName=假肢工作电路 Member=C7
Removed Member From Class: ClassName=假肢工作电路 Member=C8
Removed Member From Class: ClassName=假肢工作电路 Member=C9
Removed Member From Class: ClassName=假肢工作电路 Member=C12
Removed Member From Class: ClassName=假肢工作电路 Member=CR9
Removed Member From Class: ClassName=假肢工作电路 Member=CR10
Removed Member From Class: ClassName=假肢工作电路 Member=CR11
Removed Member From Class: ClassName=假肢工作电路 Member=CR12
Removed Member From Class: ClassName=假肢工作电路 Member=D9
Removed Member From Class: ClassName=假肢工作电路 Member=D10
Removed Member From Class: ClassName=假肢工作电路 Member=D11
Removed Member From Class: ClassName=假肢工作电路 Member=D12
Removed Member From Class: ClassName=假肢工作电路 Member=D13
Removed Member From Class: ClassName=假肢工作电路 Member=L1
Removed Member From Class: ClassName=假肢工作电路 Member=Motor1
Removed Member From Class: ClassName=假肢工作电路 Member=P8
Removed Member From Class: ClassName=假肢工作电路 Member=POWER1
Removed Member From Class: ClassName=假肢工作电路 Member=Q1
Removed Member From Class: ClassName=假肢工作电路 Member=Q2
Removed Member From Class: ClassName=假肢工作电路 Member=Q3
Removed Member From Class: ClassName=假肢工作电路 Member=Q4
Removed Member From Class: ClassName=假肢工作电路 Member=R1
Removed Member From Class: ClassName=假肢工作电路 Member=R2
Removed Member From Class: ClassName=假肢工作电路 Member=R3
Removed Member From Class: ClassName=假肢工作电路 Member=R4
Removed Member From Class: ClassName=假肢工作电路 Member=R5
Removed Member From Class: ClassName=假肢工作电路 Member=R6
Removed Member From Class: ClassName=假肢工作电路 Member=R7
Removed Member From Class: ClassName=假肢工作电路 Member=R8
Removed Member From Class: ClassName=假肢工作电路 Member=R9
Removed Member From Class: ClassName=假肢工作电路 Member=R10
Removed Member From Class: ClassName=假肢工作电路 Member=R11
Removed Member From Class: ClassName=假肢工作电路 Member=R12
Removed Member From Class: ClassName=假肢工作电路 Member=R13
Removed Member From Class: ClassName=假肢工作电路 Member=R14
Removed Member From Class: ClassName=假肢工作电路 Member=R15
Removed Member From Class: ClassName=假肢工作电路 Member=R16
Removed Member From Class: ClassName=假肢工作电路 Member=R17
Removed Member From Class: ClassName=假肢工作电路 Member=R18
Removed Member From Class: ClassName=假肢工作电路 Member=R20
Removed Member From Class: ClassName=假肢工作电路 Member=R21
Removed Member From Class: ClassName=假肢工作电路 Member=R22
Removed Member From Class: ClassName=假肢工作电路 Member=R23
Removed Member From Class: ClassName=假肢工作电路 Member=S1
Removed Member From Class: ClassName=假肢工作电路 Member=U3
Removed Member From Class: ClassName=假肢工作电路 Member=U4
Removed Member From Class: ClassName=假肢工作电路 Member=U5
Removed Member From Class: ClassName=假肢工作电路 Member=U6
Removed Member From Class: ClassName=假肢工作电路 Member=U7
Removed Member From Class: ClassName=假肢工作电路 Member=U8
Removed Member From Class: ClassName=假肢工作电路 Member=U10
Removed Member From Class: ClassName=假肢工作电路 Member=V1
Removed Member From Class: ClassName=假肢工作电路 Member=V2
Removed Member From Class: ClassName=假肢工作电路 Member=V3
Removed Member From Class: ClassName=假肢工作电路 Member=V4
Removed Member From Class: ClassName=假肢工作电路 Member=Valve1
Removed Member From Class: ClassName=假肢工作电路 Member=Valve2
Removed Member From Class: ClassName=假肢工作电路 Member=Valve3
Removed Member From Class: ClassName=假肢工作电路 Member=Valve4
Change Component Footprint: Designator=P7 Old Footprint=HDR1X2 New Footprint=XH2.54-LI-3P
Change Component Footprint: Designator=P6 Old Footprint=HDR2X4 New Footprint=XH2.54-LI-5P
Change Component Comment : Designator=P7 Old Comment=Header 2 New Comment=Header 3
Change Component Comment : Designator=P6 Old Comment=Header 4X2 New Comment=Header 5
Added Pin To Net: NetName=EPWM1A Pin=P6-1
Added Pin To Net: NetName=EPWM2A Pin=P6-2
Added Pin To Net: NetName=EPWM4A Pin=P6-4
Added Pin To Net: NetName=EPWM5A Pin=P6-5
Added Pin To Net: NetName=POWERA Pin=P7-1
Added Pin To Net: NetName=V5 Pin=P7-2
Added Pin To Net: NetName=GND Pin=P7-3
Added Room: Name=假肢工作电路
