Removed Pin From Net: NetName=POWERA Pin=C2-1
Removed Pin From Net: NetName=GND Pin=C2-2
Removed Pin From Net: NetName=GND Pin=CC5-1
Removed Pin From Net: NetName=A5 Pin=CC5-2
Removed Pin From Net: NetName=GND Pin=CC6-1
Removed Pin From Net: NetName=A6 Pin=CC6-2
Removed Pin From Net: NetName=GND Pin=CC7-1
Removed Pin From Net: NetName=A7 Pin=CC7-2
Removed Pin From Net: NetName=GND Pin=CC8-1
Removed Pin From Net: NetName=A8 Pin=CC8-2
Removed Pin From Net: NetName=IN1 Pin=Ch1-1
Removed Pin From Net: NetName=IN2 Pin=Ch1-2
Removed Pin From Net: NetName=IN3 Pin=Ch1-3
Removed Pin From Net: NetName=IN4 Pin=Ch1-4
Removed Pin From Net: NetName=GND Pin=Ch1-5
Removed Pin From Net: NetName=GND Pin=Ch2-5
Removed Pin From Net: NetName=GND Pin=CR5-2
Removed Pin From Net: NetName=GND Pin=CR6-2
Removed Pin From Net: NetName=GND Pin=CR7-2
Removed Pin From Net: NetName=GND Pin=CR8-2
Removed Pin From Net: NetName=GND Pin=D5-1
Removed Pin From Net: NetName=A5 Pin=D5-2
Removed Pin From Net: NetName=GND Pin=D6-1
Removed Pin From Net: NetName=A6 Pin=D6-2
Removed Pin From Net: NetName=GND Pin=D7-1
Removed Pin From Net: NetName=A7 Pin=D7-2
Removed Pin From Net: NetName=GND Pin=D8-1
Removed Pin From Net: NetName=A8 Pin=D8-2
Removed Pin From Net: NetName=DV5 Pin=P1-22
Removed Pin From Net: NetName=DV5 Pin=P1-24
Removed Pin From Net: NetName=con Pin=P1-25
Removed Pin From Net: NetName=con Pin=P1-26
Removed Pin From Net: NetName=GND Pin=P1-27
Removed Pin From Net: NetName=GND Pin=P1-28
Removed Pin From Net: NetName=con1 Pin=P1-29
Removed Pin From Net: NetName=con1 Pin=P1-30
Removed Pin From Net: NetName=A4 Pin=P2-8
Removed Pin From Net: NetName=POWERA Pin=P3-3
Removed Pin From Net: NetName=POWERA Pin=P3-4
Removed Pin From Net: NetName=GPIO83 Pin=P3-6
Removed Pin From Net: NetName=GPIO82 Pin=P3-7
Removed Pin From Net: NetName=GPIO81 Pin=P3-8
Removed Pin From Net: NetName=GPIO80 Pin=P3-9
Removed Pin From Net: NetName=ADAIN4 Pin=P5-1
Removed Pin From Net: NetName=A5 Pin=P5-2
Removed Pin From Net: NetName=ADAIN5 Pin=P5-3
Removed Pin From Net: NetName=A6 Pin=P5-4
Removed Pin From Net: NetName=ADAIN6 Pin=P5-5
Removed Pin From Net: NetName=A7 Pin=P5-6
Removed Pin From Net: NetName=ADAIN7 Pin=P5-7
Removed Pin From Net: NetName=A8 Pin=P5-8
Removed Pin From Net: NetName=GND Pin=RP5-1
Removed Pin From Net: NetName=A5 Pin=RP5-2
Removed Pin From Net: NetName=GND Pin=RP6-1
Removed Pin From Net: NetName=A6 Pin=RP6-2
Removed Pin From Net: NetName=GND Pin=RP7-1
Removed Pin From Net: NetName=A8 Pin=RP7-2
Removed Pin From Net: NetName=GND Pin=RP8-1
Removed Pin From Net: NetName=A7 Pin=RP8-2
Removed Pin From Net: NetName=POWERA Pin=U2-4
Removed Pin From Net: NetName=GND Pin=U2-11
Removed Member From Class: ClassName=假肢工作电路 Member=C2
Removed Member From Class: ClassName=假肢工作电路 Member=CC5
Removed Member From Class: ClassName=假肢工作电路 Member=CC6
Removed Member From Class: ClassName=假肢工作电路 Member=CC7
Removed Member From Class: ClassName=假肢工作电路 Member=CC8
Removed Member From Class: ClassName=假肢工作电路 Member=Ch1
Removed Member From Class: ClassName=假肢工作电路 Member=Ch2
Removed Member From Class: ClassName=假肢工作电路 Member=CR5
Removed Member From Class: ClassName=假肢工作电路 Member=CR6
Removed Member From Class: ClassName=假肢工作电路 Member=CR7
Removed Member From Class: ClassName=假肢工作电路 Member=CR8
Removed Member From Class: ClassName=假肢工作电路 Member=D5
Removed Member From Class: ClassName=假肢工作电路 Member=D6
Removed Member From Class: ClassName=假肢工作电路 Member=D7
Removed Member From Class: ClassName=假肢工作电路 Member=D8
Removed Member From Class: ClassName=假肢工作电路 Member=RP5
Removed Member From Class: ClassName=假肢工作电路 Member=RP6
Removed Member From Class: ClassName=假肢工作电路 Member=RP7
Removed Member From Class: ClassName=假肢工作电路 Member=RP8
Removed Member From Class: ClassName=假肢工作电路 Member=U2
Change Component Footprint: Designator=P5 Old Footprint=HDR2X4 New Footprint=XH2.54-4
Change Component Comment : Designator=R6 Old Comment=1k New Comment=3.3K
Change Component Comment : Designator=R5 Old Comment=50 New Comment=3.3K
Change Component Comment : Designator=P5 Old Comment=Header 4X2 New Comment=Header 4
Added Component: Designator=P8(XH2.54-2)
Add component. Clean all parameters for all variants
Add component (AddParameter): Name = "LatestRevisionDate"; Value = "17-Jul-2002"; VariantName = "[No Variations]"
Add component (AddParameter): Name = "LatestRevisionNote"; Value = "Re-released for DXP Platform."; VariantName = "[No Variations]"
Add component (AddParameter): Name = "Publisher"; Value = "Altium Limited"; VariantName = "[No Variations]"
Added Component: Designator=P9(XH2.54-2)
Add component. Clean all parameters for all variants
Add component (AddParameter): Name = "LatestRevisionDate"; Value = "17-Jul-2002"; VariantName = "[No Variations]"
Add component (AddParameter): Name = "LatestRevisionNote"; Value = "Re-released for DXP Platform."; VariantName = "[No Variations]"
Add component (AddParameter): Name = "Publisher"; Value = "Altium Limited"; VariantName = "[No Variations]"
Added Component: Designator=P10(XH2.54-2)
Add component. Clean all parameters for all variants
Add component (AddParameter): Name = "LatestRevisionDate"; Value = "17-Jul-2002"; VariantName = "[No Variations]"
Add component (AddParameter): Name = "LatestRevisionNote"; Value = "Re-released for DXP Platform."; VariantName = "[No Variations]"
Add component (AddParameter): Name = "Publisher"; Value = "Altium Limited"; VariantName = "[No Variations]"
Added Component: Designator=P11(XH2.54-3)
Add component. Clean all parameters for all variants
Add component (AddParameter): Name = "LatestRevisionDate"; Value = "17-Jul-2002"; VariantName = "[No Variations]"
Add component (AddParameter): Name = "LatestRevisionNote"; Value = "Re-released for DXP Platform."; VariantName = "[No Variations]"
Add component (AddParameter): Name = "Publisher"; Value = "Altium Limited"; VariantName = "[No Variations]"
Added Component: Designator=P12(XH2.54-2)
Add component. Clean all parameters for all variants
Add component (AddParameter): Name = "LatestRevisionDate"; Value = "17-Jul-2002"; VariantName = "[No Variations]"
Add component (AddParameter): Name = "LatestRevisionNote"; Value = "Re-released for DXP Platform."; VariantName = "[No Variations]"
Add component (AddParameter): Name = "Publisher"; Value = "Altium Limited"; VariantName = "[No Variations]"
Added Component: Designator=P13(XH2.54-2)
Add component. Clean all parameters for all variants
Add component (AddParameter): Name = "LatestRevisionDate"; Value = "17-Jul-2002"; VariantName = "[No Variations]"
Add component (AddParameter): Name = "LatestRevisionNote"; Value = "Re-released for DXP Platform."; VariantName = "[No Variations]"
Add component (AddParameter): Name = "Publisher"; Value = "Altium Limited"; VariantName = "[No Variations]"
Added Component: Designator=P14(HDR2X4)
Add component. Clean all parameters for all variants
Add component (AddParameter): Name = "LatestRevisionDate"; Value = "17-Jul-2002"; VariantName = "[No Variations]"
Add component (AddParameter): Name = "LatestRevisionNote"; Value = "Re-released for DXP Platform."; VariantName = "[No Variations]"
Add component (AddParameter): Name = "Publisher"; Value = "Altium Limited"; VariantName = "[No Variations]"
Added Component: Designator=P?(HDR1X2)
Add component. Clean all parameters for all variants
Add component (AddParameter): Name = "LatestRevisionDate"; Value = "17-Jul-2002"; VariantName = "[No Variations]"
Add component (AddParameter): Name = "LatestRevisionNote"; Value = "Re-released for DXP Platform."; VariantName = "[No Variations]"
Add component (AddParameter): Name = "Publisher"; Value = "Altium Limited"; VariantName = "[No Variations]"
Added Pin To Net: NetName=GPIO80 Pin=P1-24
Added Pin To Net: NetName=GPIO81 Pin=P1-26
Added Pin To Net: NetName=GPIO82 Pin=P1-28
Added Pin To Net: NetName=GPIO83 Pin=P1-30
Added Pin To Net: NetName=IN1 Pin=P5-1
Added Pin To Net: NetName=IN2 Pin=P5-2
Added Pin To Net: NetName=IN3 Pin=P5-3
Added Pin To Net: NetName=IN4 Pin=P5-4
Added Pin To Net: NetName=POWERA Pin=P8-1
Added Pin To Net: NetName=GND Pin=P8-2
Added Pin To Net: NetName=A5 Pin=P9-1
Added Pin To Net: NetName=VDD3.3 Pin=P9-2
Added Pin To Net: NetName=A6 Pin=P10-1
Added Pin To Net: NetName=VDD3.3 Pin=P10-2
Added Pin To Net: NetName=VDD3.3 Pin=P11-1
Added Pin To Net: NetName=GND Pin=P11-3
Added Pin To Net: NetName=A7 Pin=P12-1
Added Pin To Net: NetName=VDD3.3 Pin=P12-2
Added Pin To Net: NetName=A8 Pin=P13-1
Added Pin To Net: NetName=VDD3.3 Pin=P13-2
Added Pin To Net: NetName=ADAIN4 Pin=P14-1
Added Pin To Net: NetName=A5 Pin=P14-2
Added Pin To Net: NetName=ADAIN5 Pin=P14-3
Added Pin To Net: NetName=A6 Pin=P14-4
Added Pin To Net: NetName=ADAIN6 Pin=P14-5
Added Pin To Net: NetName=A7 Pin=P14-6
Added Pin To Net: NetName=ADAIN7 Pin=P14-7
Added Pin To Net: NetName=A8 Pin=P14-8
Added Pin To Net: NetName=A4 Pin=P?-2
Change Net Name : Old Net Name=A4 New Net Name=B0
Change Net Name : Old Net Name=con1 New Net Name=NetC6_1
Change Net Name : Old Net Name=con New Net Name=NetD9_2
Change Net Name : Old Net Name=GPIO0 New Net Name=EPWM1A
Change Net Name : Old Net Name=GPIO80 New Net Name=EPWM5A
Change Net Name : Old Net Name=GPIO81 New Net Name=EPWM4A
Change Net Name : Old Net Name=GPIO82 New Net Name=EPWM3A
Change Net Name : Old Net Name=GPIO83 New Net Name=EPWM2A
Change Net Name : Old Net Name=GPIO_80 New Net Name=EPWM5_A
Change Net Name : Old Net Name=GPIO_81 New Net Name=EPWM4_A
Change Net Name : Old Net Name=GPIO_82 New Net Name=EPWM3_A
Change Net Name : Old Net Name=GPIO_83 New Net Name=EPWM2_A
Added Pin To Net: NetName=A4 Pin=P2-8
Added Pin To Net: NetName=A4 Pin=P11-2
Added Net: Name=A4
Added Pin To Net: NetName=ADBIN0 Pin=P1-10
Added Pin To Net: NetName=ADBIN0 Pin=P?-1
Added Net: Name=ADBIN0
Added Member To Class: ClassName=假肢工作电路 Member=Component P8 Header 2
Added Member To Class: ClassName=假肢工作电路 Member=Component P9 Header 2
Added Member To Class: ClassName=假肢工作电路 Member=Component P10 Header 2
Added Member To Class: ClassName=假肢工作电路 Member=Component P11 Header 3
Added Member To Class: ClassName=假肢工作电路 Member=Component P12 Header 2
Added Member To Class: ClassName=假肢工作电路 Member=Component P13 Header 2
Added Member To Class: ClassName=假肢工作电路 Member=Component P14 Header 4X2
Added Member To Class: ClassName=假肢工作电路 Member=Component P? Header 2
Added Room: Name=假肢工作电路
