Removed Pin From Net: NetName=NetRP1_2 Pin=RP1-2
Removed Pin From Net: NetName=A1 Pin=RP1-3
Removed Pin From Net: NetName=NetRP2_2 Pin=RP2-2
Removed Pin From Net: NetName=A2 Pin=RP2-3
Removed Pin From Net: NetName=NetRP3_2 Pin=RP3-2
Removed Pin From Net: NetName=A3 Pin=RP3-3
Removed Pin From Net: NetName=NetRP4_2 Pin=RP4-2
Removed Pin From Net: NetName=A4 Pin=RP4-3
Removed Pin From Net: NetName=NetRP5_2 Pin=RP5-2
Removed Pin From Net: NetName=A5 Pin=RP5-3
Removed Pin From Net: NetName=NetRP6_2 Pin=RP6-2
Removed Pin From Net: NetName=A6 Pin=RP6-3
Removed Pin From Net: NetName=NetRP7_2 Pin=RP7-2
Removed Pin From Net: NetName=A7 Pin=RP7-3
Removed Pin From Net: NetName=NetRP8_2 Pin=RP8-2
Removed Pin From Net: NetName=A8 Pin=RP8-3
Removed Pin From Net: NetName=GND Pin=RP9-2
Removed Pin From Net: NetName=NetP9_3 Pin=RP9-3
Added Pin To Net: NetName=A1 Pin=RP1-2
Added Pin To Net: NetName=NetRP1_2 Pin=RP1-3
Added Pin To Net: NetName=A2 Pin=RP2-2
Added Pin To Net: NetName=NetRP2_2 Pin=RP2-3
Added Pin To Net: NetName=A3 Pin=RP3-2
Added Pin To Net: NetName=NetRP3_2 Pin=RP3-3
Added Pin To Net: NetName=A4 Pin=RP4-2
Added Pin To Net: NetName=NetRP4_2 Pin=RP4-3
Added Pin To Net: NetName=A5 Pin=RP5-2
Added Pin To Net: NetName=NetRP5_2 Pin=RP5-3
Added Pin To Net: NetName=A6 Pin=RP6-2
Added Pin To Net: NetName=NetRP6_2 Pin=RP6-3
Added Pin To Net: NetName=A7 Pin=RP7-2
Added Pin To Net: NetName=NetRP7_2 Pin=RP7-3
Added Pin To Net: NetName=A8 Pin=RP8-2
Added Pin To Net: NetName=NetRP8_2 Pin=RP8-3
Added Pin To Net: NetName=NetP9_3 Pin=RP9-2
Added Pin To Net: NetName=GND Pin=RP9-3
Added Room: Name=假肢工作电路
