Removed Pin From Net: NetName=POWERA Pin=C2-1
Removed Pin From Net: NetName=GND Pin=C2-2
Removed Pin From Net: NetName=GND Pin=CC5-1
Removed Pin From Net: NetName=GND Pin=CC6-1
Removed Pin From Net: NetName=GND Pin=CC7-1
Removed Pin From Net: NetName=GND Pin=CC8-1
Removed Pin From Net: NetName=GND Pin=Ch2-5
Removed Pin From Net: NetName=GND Pin=CR5-2
Removed Pin From Net: NetName=GND Pin=CR6-2
Removed Pin From Net: NetName=GND Pin=CR7-2
Removed Pin From Net: NetName=GND Pin=CR8-2
Removed Pin From Net: NetName=GND Pin=D5-1
Removed Pin From Net: NetName=GND Pin=D6-1
Removed Pin From Net: NetName=GND Pin=D7-1
Removed Pin From Net: NetName=GND Pin=D8-1
Removed Pin From Net: NetName=GND Pin=RP5-1
Removed Pin From Net: NetName=GND Pin=RP6-1
Removed Pin From Net: NetName=GND Pin=RP7-1
Removed Pin From Net: NetName=GND Pin=RP8-1
Removed Pin From Net: NetName=POWERA Pin=U2-4
Removed Pin From Net: NetName=GND Pin=U2-11
Removed Member From Class: ClassName=假肢工作电路 Member=C2
Removed Member From Class: ClassName=假肢工作电路 Member=CC5
Removed Member From Class: ClassName=假肢工作电路 Member=CC6
Removed Member From Class: ClassName=假肢工作电路 Member=CC7
Removed Member From Class: ClassName=假肢工作电路 Member=CC8
Removed Member From Class: ClassName=假肢工作电路 Member=Ch2
Removed Member From Class: ClassName=假肢工作电路 Member=CR5
Removed Member From Class: ClassName=假肢工作电路 Member=CR6
Removed Member From Class: ClassName=假肢工作电路 Member=CR7
Removed Member From Class: ClassName=假肢工作电路 Member=CR8
Removed Member From Class: ClassName=假肢工作电路 Member=D5
Removed Member From Class: ClassName=假肢工作电路 Member=D6
Removed Member From Class: ClassName=假肢工作电路 Member=D7
Removed Member From Class: ClassName=假肢工作电路 Member=D8
Removed Member From Class: ClassName=假肢工作电路 Member=P5
Removed Member From Class: ClassName=假肢工作电路 Member=RP5
Removed Member From Class: ClassName=假肢工作电路 Member=RP6
Removed Member From Class: ClassName=假肢工作电路 Member=RP7
Removed Member From Class: ClassName=假肢工作电路 Member=RP8
Removed Member From Class: ClassName=假肢工作电路 Member=U2
Change Component Comment : Designator=R6 Old Comment=1k New Comment=3.3K
Change Component Comment : Designator=R5 Old Comment=50 New Comment=3.3K
Added Room: Name=假肢工作电路
